<?xml version="1.0" encoding="UTF-8"?>
<!-- Generated by org.testng.reporters.JUnitReportReporter -->
<testsuite hostname="DESKTOP-C8SIN83" failures="0" tests="1" name="Validation.DynamicResponsevalidation" time="1.857" errors="0" timestamp="2023-04-08T14:33:00 IST" skipped="0">
  <testcase classname="Validation.DynamicResponsevalidation" name="dynamicRespValid" time="1.857"/>
  <system-out/>
</testsuite> <!-- Validation.DynamicResponsevalidation -->
