<?xml version="1.0" encoding="UTF-8"?>
<!-- Generated by org.testng.reporters.JUnitReportReporter -->
<testsuite hostname="DESKTOP-C8SIN83" failures="0" tests="1" name="rmgyantraWithoutBDD.DeleteProject" time="0.085" errors="0" timestamp="2023-04-07T17:08:30 IST" skipped="0">
  <testcase classname="rmgyantraWithoutBDD.DeleteProject" name="deleteProject" time="0.085"/>
  <system-out/>
</testsuite> <!-- rmgyantraWithoutBDD.DeleteProject -->
