<?xml version="1.0" encoding="UTF-8"?>
<!-- Generated by org.testng.reporters.JUnitReportReporter -->
<testsuite hostname="DESKTOP-C8SIN83" failures="0" tests="1" name="PracticePetStore.UploadimagetoPpetStore" time="5.594" errors="0" timestamp="2023-04-11T07:28:02 IST" skipped="0">
  <testcase classname="PracticePetStore.UploadimagetoPpetStore" name="uploadimage" time="5.594"/>
  <system-out/>
</testsuite> <!-- PracticePetStore.UploadimagetoPpetStore -->
