<?xml version="1.0" encoding="UTF-8"?>
<!-- Generated by org.testng.reporters.JUnitReportReporter -->
<testsuite hostname="DESKTOP-C8SIN83" failures="0" tests="1" name="Authentication.Outh2" time="2.717" errors="0" timestamp="2023-04-12T16:45:43 IST" skipped="0">
  <testcase classname="Authentication.Outh2" name="outh2" time="2.717"/>
  <system-out/>
</testsuite> <!-- Authentication.Outh2 -->
