<?xml version="1.0" encoding="UTF-8"?>
<!-- Generated by org.testng.reporters.JUnitReportReporter -->
<testsuite hostname="DESKTOP-C8SIN83" failures="0" tests="1" name="Parameters.QuerryParameters" time="2.681" errors="0" timestamp="2023-04-08T15:16:15 IST" skipped="0">
  <testcase classname="Parameters.QuerryParameters" name="pathparameter" time="2.681"/>
  <system-out/>
</testsuite> <!-- Parameters.QuerryParameters -->
