<?xml version="1.0" encoding="UTF-8"?>
<!-- Generated by org.testng.reporters.JUnitReportReporter -->
<testsuite hostname="DESKTOP-C8SIN83" failures="0" tests="1" name="PracticePetStore.Deletepet" time="3.947" errors="0" timestamp="2023-04-11T06:45:48 IST" skipped="0">
  <testcase classname="PracticePetStore.Deletepet" name="displayPetDetails" time="3.947"/>
  <system-out/>
</testsuite> <!-- PracticePetStore.Deletepet -->
