<?xml version="1.0" encoding="UTF-8"?>
<!-- Generated by org.testng.reporters.JUnitReportReporter -->
<testsuite hostname="DESKTOP-C8SIN83" failures="0" tests="1" name="SerializationAndDeserialization.DeserializationEmployeeDetails" time="0.190" errors="0" timestamp="2023-04-12T11:37:11 IST" skipped="0">
  <testcase classname="SerializationAndDeserialization.DeserializationEmployeeDetails" name="deserializationEmployeeDetails" time="0.190"/>
  <system-out/>
</testsuite> <!-- SerializationAndDeserialization.DeserializationEmployeeDetails -->
