<?xml version="1.0" encoding="UTF-8"?>
<!-- Generated by org.testng.reporters.JUnitReportReporter -->
<testsuite hostname="DESKTOP-C8SIN83" failures="0" tests="1" name="EndToEndTesting.AddProjcts" time="1.845" errors="0" timestamp="2023-04-13T18:09:10 IST" skipped="0">
  <testcase classname="EndToEndTesting.AddProjcts" name="addProject" time="1.845"/>
  <system-out/>
</testsuite> <!-- EndToEndTesting.AddProjcts -->
