<?xml version="1.0" encoding="UTF-8"?>
<!-- Generated by org.testng.reporters.JUnitReportReporter -->
<testsuite hostname="DESKTOP-C8SIN83" failures="0" tests="1" name="rmgyantraWithoutBDD.GetALLProjects" time="0.991" errors="0" timestamp="2023-04-11T12:25:48 IST" skipped="0">
  <testcase classname="rmgyantraWithoutBDD.GetALLProjects" name="getProject" time="0.991"/>
  <system-out/>
</testsuite> <!-- rmgyantraWithoutBDD.GetALLProjects -->
