<?xml version="1.0" encoding="UTF-8"?>
<!-- Generated by org.testng.reporters.JUnitReportReporter -->
<testsuite hostname="DESKTOP-C8SIN83" failures="0" tests="1" name="RequestChainig.postandDelete" time="2.393" errors="0" timestamp="2023-04-11T13:08:30 IST" skipped="0">
  <testcase classname="RequestChainig.postandDelete" name="postandDeleteProject" time="2.393"/>
  <system-out/>
</testsuite> <!-- RequestChainig.postandDelete -->
