<?xml version="1.0" encoding="UTF-8"?>
<!-- Generated by org.testng.reporters.JUnitReportReporter -->
<testsuite hostname="DESKTOP-C8SIN83" failures="0" tests="1" name="EndToEndTesting.EndToEndTestingRMGyantra" time="1.808" errors="0" timestamp="2023-04-11T16:10:22 IST" skipped="0">
  <testcase classname="EndToEndTesting.EndToEndTestingRMGyantra" name="endToendTesting" time="1.808"/>
  <system-out/>
</testsuite> <!-- EndToEndTesting.EndToEndTestingRMGyantra -->
