<?xml version="1.0" encoding="UTF-8"?>
<!-- Generated by org.testng.reporters.JUnitReportReporter -->
<testsuite hostname="DESKTOP-C8SIN83" failures="0" tests="5" name="DataDrivenTestigUsingDataProvider.AddProjectUsingDataDrivenUsingExcelUtility" time="4.347" errors="0" timestamp="2023-04-10T17:16:13 IST" skipped="0">
  <testcase classname="DataDrivenTestigUsingDataProvider.AddProjectUsingDataDrivenUsingExcelUtility" name="addProject" time="0.092"/>
  <system-out/>
  <testcase classname="DataDrivenTestigUsingDataProvider.AddProjectUsingDataDrivenUsingExcelUtility" name="addProject" time="0.087"/>
  <system-out/>
  <testcase classname="DataDrivenTestigUsingDataProvider.AddProjectUsingDataDrivenUsingExcelUtility" name="addProject" time="0.143"/>
  <system-out/>
  <testcase classname="DataDrivenTestigUsingDataProvider.AddProjectUsingDataDrivenUsingExcelUtility" name="addProject" time="3.009"/>
  <system-out/>
  <testcase classname="DataDrivenTestigUsingDataProvider.AddProjectUsingDataDrivenUsingExcelUtility" name="addProject" time="1.016"/>
  <system-out/>
</testsuite> <!-- DataDrivenTestigUsingDataProvider.AddProjectUsingDataDrivenUsingExcelUtility -->
