<?xml version="1.0" encoding="UTF-8"?>
<!-- Generated by org.testng.reporters.JUnitReportReporter -->
<testsuite hostname="DESKTOP-C8SIN83" failures="0" tests="1" name="RequestChainig.postandget" time="1.684" errors="0" timestamp="2023-04-11T14:31:10 IST" skipped="0">
  <testcase classname="RequestChainig.postandget" name="getandDeleteProject" time="1.684"/>
  <system-out/>
</testsuite> <!-- RequestChainig.postandget -->
