<?xml version="1.0" encoding="UTF-8"?>
<!-- Generated by org.testng.reporters.JUnitReportReporter -->
<testsuite hostname="DESKTOP-C8SIN83" failures="0" tests="1" name="PracticePetStore.CreatePetUsingJsonObject" time="4.342" errors="0" timestamp="2023-04-11T11:19:00 IST" skipped="0">
  <testcase classname="PracticePetStore.CreatePetUsingJsonObject" name="createPet" time="4.342"/>
  <system-out/>
</testsuite> <!-- PracticePetStore.CreatePetUsingJsonObject -->
