<?xml version="1.0" encoding="UTF-8"?>
<!-- Generated by org.testng.reporters.JUnitReportReporter -->
<testsuite hostname="DESKTOP-C8SIN83" failures="0" tests="1" name="SerializationAndDeserialization.SerializationForObject" time="0.195" errors="0" timestamp="2023-04-12T12:57:29 IST" skipped="0">
  <testcase classname="SerializationAndDeserialization.SerializationForObject" name="serializationForObject" time="0.195"/>
  <system-out/>
</testsuite> <!-- SerializationAndDeserialization.SerializationForObject -->
