<?xml version="1.0" encoding="UTF-8"?>
<!-- Generated by org.testng.reporters.JUnitReportReporter -->
<testsuite hostname="DESKTOP-C8SIN83" failures="0" tests="1" name="SerializationAndDeserialization.SerializationWithArray" time="0.189" errors="0" timestamp="2023-04-12T12:35:20 IST" skipped="0">
  <testcase classname="SerializationAndDeserialization.SerializationWithArray" name="serializationWithArray" time="0.189"/>
  <system-out/>
</testsuite> <!-- SerializationAndDeserialization.SerializationWithArray -->
