<?xml version="1.0" encoding="UTF-8"?>
<!-- Generated by org.testng.reporters.JUnitReportReporter -->
<testsuite hostname="DESKTOP-C8SIN83" failures="0" tests="3" name="DataDrivenTestigUsingDataProvider.AddProjectUsingDataDriven" time="1.898" errors="0" timestamp="2023-04-10T14:59:04 IST" skipped="0">
  <testcase classname="DataDrivenTestigUsingDataProvider.AddProjectUsingDataDriven" name="addProject" time="1.640"/>
  <system-out/>
  <testcase classname="DataDrivenTestigUsingDataProvider.AddProjectUsingDataDriven" name="addProject" time="0.154"/>
  <system-out/>
  <testcase classname="DataDrivenTestigUsingDataProvider.AddProjectUsingDataDriven" name="addProject" time="0.104"/>
  <system-out/>
</testsuite> <!-- DataDrivenTestigUsingDataProvider.AddProjectUsingDataDriven -->
