<?xml version="1.0" encoding="UTF-8"?>
<!-- Generated by org.testng.reporters.JUnitReportReporter -->
<testsuite hostname="DESKTOP-C8SIN83" failures="0" tests="1" name="RequestChainig.postGetUpdaeAndDelete" time="2.260" errors="0" timestamp="2023-04-11T14:53:42 IST" skipped="0">
  <testcase classname="RequestChainig.postGetUpdaeAndDelete" name="getandDeleteProject" time="2.260"/>
  <system-out/>
</testsuite> <!-- RequestChainig.postGetUpdaeAndDelete -->
