<?xml version="1.0" encoding="UTF-8"?>
<!-- Generated by org.testng.reporters.JUnitReportReporter -->
<testsuite hostname="DESKTOP-C8SIN83" failures="0" tests="1" name="RequestChainig.postGetAndDelete" time="1.857" errors="0" timestamp="2023-04-11T14:31:24 IST" skipped="0">
  <testcase classname="RequestChainig.postGetAndDelete" name="getandDeleteProject" time="1.857"/>
  <system-out/>
</testsuite> <!-- RequestChainig.postGetAndDelete -->
