<?xml version="1.0" encoding="UTF-8"?>
<!-- Generated by org.testng.reporters.JUnitReportReporter -->
<testsuite hostname="DESKTOP-C8SIN83" failures="0" tests="1" name="rmgyantraWithoutBDD.UpdateProject" time="1.714" errors="0" timestamp="2023-04-08T15:06:00 IST" skipped="0">
  <testcase classname="rmgyantraWithoutBDD.UpdateProject" name="updateProject" time="1.714"/>
  <system-out/>
</testsuite> <!-- rmgyantraWithoutBDD.UpdateProject -->
