<?xml version="1.0" encoding="UTF-8"?>
<!-- Generated by org.testng.reporters.JUnitReportReporter -->
<testsuite hostname="DESKTOP-C8SIN83" failures="0" tests="1" name="PracticePetStore.GetPet" time="4.536" errors="0" timestamp="2023-04-11T06:40:28 IST" skipped="0">
  <testcase classname="PracticePetStore.GetPet" name="displayPetDetails" time="4.536"/>
  <system-out/>
</testsuite> <!-- PracticePetStore.GetPet -->
