<?xml version="1.0" encoding="UTF-8"?>
<!-- Generated by org.testng.reporters.JUnitReportReporter -->
<testsuite hostname="DESKTOP-C8SIN83" failures="0" tests="1" name="PracticePetStore.UpdatePet" time="4.551" errors="0" timestamp="2023-04-11T06:33:45 IST" skipped="0">
  <testcase classname="PracticePetStore.UpdatePet" name="updatePet" time="4.551"/>
  <system-out/>
</testsuite> <!-- PracticePetStore.UpdatePet -->
