<?xml version="1.0" encoding="UTF-8"?>
<!-- Generated by org.testng.reporters.JUnitReportReporter -->
<testsuite hostname="DESKTOP-C8SIN83" failures="0" tests="1" name="RequestChainig.crudOperation_chaingRequest" time="1.596" errors="0" timestamp="2023-04-11T14:30:25 IST" skipped="0">
  <testcase classname="RequestChainig.crudOperation_chaingRequest" name="getandDeleteProject" time="1.596"/>
  <system-out/>
</testsuite> <!-- RequestChainig.crudOperation_chaingRequest -->
