<?xml version="1.0" encoding="UTF-8"?>
<!-- Generated by org.testng.reporters.JUnitReportReporter -->
<testsuite hostname="DESKTOP-C8SIN83" failures="0" tests="1" name="Validation.StaticResponseValidation" time="1.293" errors="0" timestamp="2023-04-11T12:12:14 IST" skipped="0">
  <testcase classname="Validation.StaticResponseValidation" name="staticResponseValid" time="1.293"/>
  <system-out/>
</testsuite> <!-- Validation.StaticResponseValidation -->
