<?xml version="1.0" encoding="UTF-8"?>
<!-- Generated by org.testng.reporters.JUnitReportReporter -->
<testsuite hostname="DESKTOP-C8SIN83" failures="0" tests="1" name="Authentication.Barrear" time="2.632" errors="0" timestamp="2023-04-12T16:36:32 IST" skipped="0">
  <testcase classname="Authentication.Barrear" name="barear" time="2.632"/>
  <system-out/>
</testsuite> <!-- Authentication.Barrear -->
