<?xml version="1.0" encoding="UTF-8"?>
<!-- Generated by org.testng.reporters.JUnitReportReporter -->
<testsuite hostname="DESKTOP-C8SIN83" failures="0" tests="1" name="CRUDOperationWithBDD.GetAllProject" time="1.772" errors="0" timestamp="2023-04-08T14:14:26 IST" skipped="0">
  <testcase classname="CRUDOperationWithBDD.GetAllProject" name="getAllProject" time="1.772"/>
  <system-out/>
</testsuite> <!-- CRUDOperationWithBDD.GetAllProject -->
