<?xml version="1.0" encoding="UTF-8"?>
<!-- Generated by org.testng.reporters.JUnitReportReporter -->
<testsuite hostname="DESKTOP-C8SIN83" failures="0" tests="1" name="SerializationAndDeserialization.DeSerializationForObject" time="0.229" errors="0" timestamp="2023-04-12T13:07:40 IST" skipped="0">
  <testcase classname="SerializationAndDeserialization.DeSerializationForObject" name="deSerializationForObject" time="0.229"/>
  <system-out/>
</testsuite> <!-- SerializationAndDeserialization.DeSerializationForObject -->
