<?xml version="1.0" encoding="UTF-8"?>
<!-- Generated by org.testng.reporters.JUnitReportReporter -->
<testsuite hostname="DESKTOP-C8SIN83" failures="0" tests="1" name="Parameters.FormParameters" time="1.250" errors="0" timestamp="2023-04-10T10:45:59 IST" skipped="0">
  <testcase classname="Parameters.FormParameters" name="formParameter" time="1.250"/>
  <system-out/>
</testsuite> <!-- Parameters.FormParameters -->
