<?xml version="1.0" encoding="UTF-8"?>
<!-- Generated by org.testng.reporters.JUnitReportReporter -->
<testsuite hostname="DESKTOP-C8SIN83" failures="0" tests="1" name="SerializationAndDeserialization.SerializationEmployeeDetails" time="0.252" errors="0" timestamp="2023-04-12T11:26:33 IST" skipped="0">
  <testcase classname="SerializationAndDeserialization.SerializationEmployeeDetails" name="serializationEmployeeDetails" time="0.252"/>
  <system-out/>
</testsuite> <!-- SerializationAndDeserialization.SerializationEmployeeDetails -->
