<?xml version="1.0" encoding="UTF-8"?>
<!-- Generated by org.testng.reporters.JUnitReportReporter -->
<testsuite hostname="DESKTOP-C8SIN83" failures="0" tests="1" name="wayTOCreatePost.CreateProjectWithPOJOClass" time="1.422" errors="0" timestamp="2023-04-11T14:25:21 IST" skipped="0">
  <testcase classname="wayTOCreatePost.CreateProjectWithPOJOClass" name="createProject" time="1.422"/>
  <system-out/>
</testsuite> <!-- wayTOCreatePost.CreateProjectWithPOJOClass -->
