<?xml version="1.0" encoding="UTF-8"?>
<!-- Generated by org.testng.reporters.JUnitReportReporter -->
<testsuite hostname="DESKTOP-C8SIN83" failures="0" tests="1" name="rmgyantraWithoutBDD.AddProject" time="1.965" errors="0" timestamp="2023-04-07T17:08:30 IST" skipped="0">
  <testcase classname="rmgyantraWithoutBDD.AddProject" name="addProject" time="1.965"/>
  <system-out/>
</testsuite> <!-- rmgyantraWithoutBDD.AddProject -->
