<?xml version="1.0" encoding="UTF-8"?>
<!-- Generated by org.testng.reporters.JUnitReportReporter -->
<testsuite hostname="DESKTOP-C8SIN83" failures="0" tests="1" name="Parameters.PathParameters" time="1.608" errors="0" timestamp="2023-04-08T15:06:41 IST" skipped="0">
  <testcase classname="Parameters.PathParameters" name="pathparameter" time="1.608"/>
  <system-out/>
</testsuite> <!-- Parameters.PathParameters -->
