<?xml version="1.0" encoding="UTF-8"?>
<!-- Generated by org.testng.reporters.JUnitReportReporter -->
<testsuite hostname="DESKTOP-C8SIN83" failures="0" tests="1" name="SerializationAndDeserialization.DeserializationWithArray" time="0.206" errors="0" timestamp="2023-04-12T12:56:20 IST" skipped="0">
  <testcase classname="SerializationAndDeserialization.DeserializationWithArray" name="deserializationWithArray" time="0.206"/>
  <system-out/>
</testsuite> <!-- SerializationAndDeserialization.DeserializationWithArray -->
